Explain
STAGE DEPENDENCIES:
Stage-17 is a root stage , consists of Stage-22, Stage-23, Stage-6
Stage-22 has a backup stage: Stage-6
Stage-15 depends on stages: Stage-22
Stage-14 depends on stages: Stage-6, Stage-15, Stage-16 , consists of Stage-20, Stage-21, Stage-1
Stage-20 has a backup stage: Stage-1
Stage-12 depends on stages: Stage-20
Stage-11 depends on stages: Stage-1, Stage-12, Stage-13 , consists of Stage-18, Stage-19, Stage-2
Stage-18 has a backup stage: Stage-2
Stage-9 depends on stages: Stage-18
Stage-3 depends on stages: Stage-2, Stage-9, Stage-10
Stage-4 depends on stages: Stage-3
Stage-5 depends on stages: Stage-4
Stage-19 has a backup stage: Stage-2
Stage-10 depends on stages: Stage-19
Stage-2
Stage-21 has a backup stage: Stage-1
Stage-13 depends on stages: Stage-21
Stage-1
Stage-23 has a backup stage: Stage-6
Stage-16 depends on stages: Stage-23
Stage-6
Stage-0 depends on stages: Stage-5
STAGE PLANS:
Stage: Stage-17
Conditional Operator
Stage: Stage-22
Map Reduce Local Work
Alias -> Map Local Tables:
$hdt$_0:$hdt$_0:$hdt$_1:$hdt$_2:p
Fetch Operator
limit: -1
Alias -> Map Local Operator Tree:
$hdt$_0:$hdt$_0:$hdt$_1:$hdt$_2:p
TableScan
alias: p
Statistics: Num rows: 100000 Data size: 13647555 Basic stats: COMPLETE Column stats: NONE
Filter Operator
predicate: idx is not null (type: boolean)
Statistics: Num rows: 100000 Data size: 13647555 Basic stats: COMPLETE Column stats: NONE
Select Operator
expressions: idx (type: string), birthdate (type: string)
outputColumnNames: _col0, _col1
Statistics: Num rows: 100000 Data size: 13647555 Basic stats: COMPLETE Column stats: NONE
HashTable Sink Operator
keys:
0 _col0 (type: string)
1 _col0 (type: string)
Stage: Stage-15
Map Reduce
Map Operator Tree:
TableScan
alias: c
Statistics: Num rows: 100000 Data size: 19796322 Basic stats: COMPLETE Column stats: NONE
Filter Operator
predicate: idx is not null (type: boolean)
Statistics: Num rows: 100000 Data size: 19796322 Basic stats: COMPLETE Column stats: NONE
Select Operator
expressions: idx (type: string), subscript_year (type: smallint)
outputColumnNames: _col0, _col1
Statistics: Num rows: 100000 Data size: 19796322 Basic stats: COMPLETE Column stats: NONE
Map Join Operator
condition map:
Inner Join 0 to 1
keys:
0 _col0 (type: string)
1 _col0 (type: string)
outputColumnNames: _col1, _col2, _col3
Statistics: Num rows: 110000 Data size: 21775954 Basic stats: COMPLETE Column stats: NONE
Select Operator
expressions: _col2 (type: string), _col1 (type: smallint), CASE WHEN (((UDFToInteger(_col1) - year(_col3)) > 64)) THEN ('65+') WHEN (((UDFToInteger(_col1) - year(_col3)) > 54)) THEN ('55-64') WHEN (((UDFToInteger(_col1) - year(_col3)) > 44)) THEN ('45-54') WHEN (((UDFToInteger(_col1) - year(_col3)) > 34)) THEN ('35-44') WHEN (((UDFToInteger(_col1) - year(_col3)) > 24)) THEN ('25-34') WHEN (((UDFToInteger(_col1) - year(_col3)) > 18)) THEN ('19-24') ELSE ('0-18') END (type: string)
outputColumnNames: _col0, _col1, _col2
Statistics: Num rows: 110000 Data size: 21775954 Basic stats: COMPLETE Column stats: NONE
File Output Operator
compressed: false
table:
input format: org.apache.hadoop.mapred.SequenceFileInputFormat
output format: org.apache.hadoop.hive.ql.io.HiveSequenceFileOutputFormat
serde: org.apache.hadoop.hive.serde2.lazybinary.LazyBinarySerDe
Local Work:
Map Reduce Local Work
Stage: Stage-14
Conditional Operator
Stage: Stage-20
Map Reduce Local Work
Alias -> Map Local Tables:
$hdt$_0:$hdt$_0:$INTNAME
Fetch Operator
limit: -1
Alias -> Map Local Operator Tree:
$hdt$_0:$hdt$_0:$INTNAME
TableScan
HashTable Sink Operator
keys:
0 _col0 (type: string)
1 _col0 (type: string)
Stage: Stage-12
Map Reduce
Map Operator Tree:
TableScan
alias: c
Statistics: Num rows: 100000 Data size: 19796322 Basic stats: COMPLETE Column stats: NONE
Filter Operator
predicate: (idx is not null and company is not null) (type: boolean)
Statistics: Num rows: 100000 Data size: 19796322 Basic stats: COMPLETE Column stats: NONE
Select Operator
expressions: idx (type: string), company (type: string)
outputColumnNames: _col0, _col1
Statistics: Num rows: 100000 Data size: 19796322 Basic stats: COMPLETE Column stats: NONE
Map Join Operator
condition map:
Inner Join 0 to 1
keys:
0 _col0 (type: string)
1 _col0 (type: string)
outputColumnNames: _col1, _col3, _col4
Statistics: Num rows: 121000 Data size: 23953549 Basic stats: COMPLETE Column stats: NONE
File Output Operator
compressed: false
table:
input format: org.apache.hadoop.mapred.SequenceFileInputFormat
output format: org.apache.hadoop.hive.ql.io.HiveSequenceFileOutputFormat
serde: org.apache.hadoop.hive.serde2.lazybinary.LazyBinarySerDe
Local Work:
Map Reduce Local Work
Stage: Stage-11
Conditional Operator
Stage: Stage-18
Map Reduce Local Work
Alias -> Map Local Tables:
$hdt$_0:$hdt$_0:$hdt$_2:org
Fetch Operator
limit: -1
Alias -> Map Local Operator Tree:
$hdt$_0:$hdt$_0:$hdt$_2:org
TableScan
alias: org
Statistics: Num rows: 100000 Data size: 16050447 Basic stats: COMPLETE Column stats: NONE
Filter Operator
predicate: organ_name is not null (type: boolean)
Statistics: Num rows: 100000 Data size: 16050447 Basic stats: COMPLETE Column stats: NONE
Select Operator
expressions: organ_name (type: string)
outputColumnNames: _col0
Statistics: Num rows: 100000 Data size: 16050447 Basic stats: COMPLETE Column stats: NONE
HashTable Sink Operator
keys:
0 _col1 (type: string)
1 _col0 (type: string)
Stage: Stage-9
Map Reduce
Map Operator Tree:
TableScan
Map Join Operator
condition map:
Inner Join 0 to 1
keys:
0 _col1 (type: string)
1 _col0 (type: string)
outputColumnNames: _col1, _col3, _col4
Statistics: Num rows: 133100 Data size: 26348904 Basic stats: COMPLETE Column stats: NONE
Group By Operator
aggregations: count(_col4)
keys: _col1 (type: string), _col3 (type: smallint), _col4 (type: string)
mode: hash
outputColumnNames: _col0, _col1, _col2, _col3
Statistics: Num rows: 133100 Data size: 26348904 Basic stats: COMPLETE Column stats: NONE
File Output Operator
compressed: false
table:
input format: org.apache.hadoop.mapred.SequenceFileInputFormat
output format: org.apache.hadoop.hive.ql.io.HiveSequenceFileOutputFormat
serde: org.apache.hadoop.hive.serde2.lazybinary.LazyBinarySerDe
Local Work:
Map Reduce Local Work
Stage: Stage-3
Map Reduce
Map Operator Tree:
TableScan
Reduce Output Operator
key expressions: _col0 (type: string), _col1 (type: smallint), _col2 (type: string)
sort order: +++
Map-reduce partition columns: _col0 (type: string), _col1 (type: smallint), _col2 (type: string)
Statistics: Num rows: 133100 Data size: 26348904 Basic stats: COMPLETE Column stats: NONE
value expressions: _col3 (type: bigint)
Reduce Operator Tree:
Group By Operator
aggregations: count(VALUE._col0)
keys: KEY._col0 (type: string), KEY._col1 (type: smallint), KEY._col2 (type: string)
mode: mergepartial
